\BOOKMARK [1][-]{section.1}{\376\377\000I\000n\000t\000r\000o\000d\000u\000c\000t\000i\000o\000n}{}% 1
\BOOKMARK [1][-]{section.2}{\376\377\000P\000r\000o\000b\000l\000e\000m\000\040\000F\000o\000r\000m\000u\000l\000a\000t\000i\000o\000n}{}% 2
\BOOKMARK [1][-]{section.3}{\376\377\000E\000x\000i\000s\000t\000i\000n\000g\000\040\000A\000l\000g\000o\000r\000i\000t\000h\000m\000s}{}% 3
\BOOKMARK [1][-]{section.4}{\376\377\000S\000i\000m\000u\000l\000a\000t\000i\000o\000n\000s}{}% 4
\BOOKMARK [2][-]{subsection.4.1}{\376\377\000E\000a\000r\000l\000i\000e\000s\000t\000\040\000S\000t\000a\000r\000t\000\040\000T\000i\000m\000e}{section.4}% 5
\BOOKMARK [2][-]{subsection.4.2}{\376\377\000P\000r\000i\000o\000r\000i\000t\000y\000\040\000S\000c\000h\000e\000d\000u\000l\000i\000n\000g}{section.4}% 6
\BOOKMARK [2][-]{subsection.4.3}{\376\377\000D\000w\000e\000l\000l\000\040\000T\000i\000m\000e\000\040\000P\000r\000i\000o\000r\000i\000t\000y\000\040\000S\000c\000h\000e\000d\000u\000l\000i\000n\000g}{section.4}% 7
\BOOKMARK [2][-]{subsection.4.4}{\376\377\000R\000a\000n\000d\000o\000m\000\040\000S\000h\000i\000f\000t\000e\000d\000\040\000S\000t\000a\000r\000t\000\040\000T\000i\000m\000e}{section.4}% 8
\BOOKMARK [2][-]{subsection.4.5}{\376\377\000D\000u\000a\000l\000\040\000S\000i\000d\000e\000\040\000S\000c\000h\000e\000d\000u\000l\000i\000n\000g}{section.4}% 9
\BOOKMARK [2][-]{subsection.4.6}{\376\377\000D\000u\000a\000l\000\040\000S\000i\000d\000e\000\040\000S\000c\000h\000e\000d\000u\000l\000i\000n\000g\000\040\000w\000i\000t\000h\000\040\000R\000a\000n\000d\000o\000m\000\040\000S\000h\000i\000f\000t\000e\000d\000\040\000S\000t\000a\000r\000t\000\040\000T\000i\000m\000e\000s}{section.4}% 10
\BOOKMARK [1][-]{section.5}{\376\377\000M\000u\000l\000t\000i\000t\000a\000s\000k\000\040\000A\000s\000s\000e\000m\000b\000l\000y}{}% 11
\BOOKMARK [2][-]{subsection.5.1}{\376\377\000M\000u\000l\000t\000i\000t\000a\000s\000k}{section.5}% 12
\BOOKMARK [2][-]{subsection.5.2}{\376\377\000T\000a\000s\000k\000\040\000S\000e\000l\000e\000c\000t\000i\000o\000n}{section.5}% 13
\BOOKMARK [2][-]{subsection.5.3}{\376\377\000D\000e\000c\000i\000s\000i\000o\000n\000\040\000L\000o\000o\000p}{section.5}% 14
\BOOKMARK [1][-]{section.6}{\376\377\000R\000e\000s\000u\000l\000t\000s}{}% 15
\BOOKMARK [2][-]{subsection.6.1}{\376\377\000O\000v\000e\000r\000l\000o\000a\000d\000e\000d\000\040\000C\000o\000s\000t}{section.6}% 16
\BOOKMARK [2][-]{subsection.6.2}{\376\377\000U\000n\000d\000e\000r\000l\000o\000a\000d\000e\000d\000\040\000C\000o\000s\000t}{section.6}% 17
\BOOKMARK [2][-]{subsection.6.3}{\376\377\000D\000r\000o\000p\000r\000a\000t\000e}{section.6}% 18
\BOOKMARK [2][-]{subsection.6.4}{\376\377\000C\000o\000m\000p\000u\000t\000a\000t\000i\000o\000n\000a\000l\000\040\000T\000i\000m\000e}{section.6}% 19
\BOOKMARK [2][-]{subsection.6.5}{\376\377\0008\000\040\000S\000c\000e\000n\000a\000r\000i\000o\000s}{section.6}% 20
\BOOKMARK [2][-]{subsection.6.6}{\376\377\000C\000o\000m\000p\000u\000t\000e\000r}{section.6}% 21
\BOOKMARK [1][-]{section.7}{\376\377\000T\000a\000k\000e\000a\000w\000a\000y\000s}{}% 22
\BOOKMARK [2][-]{subsection.7.1}{\376\377\000I\000g\000n\000o\000r\000e\000\040\000I\000d\000l\000e\000\040\000T\000i\000m\000e\000\040\000I\000n\000s\000e\000r\000t\000i\000o\000n}{section.7}% 23
\BOOKMARK [2][-]{subsection.7.2}{\376\377\000E\000x\000p\000e\000r\000i\000m\000e\000n\000t\000a\000l\000\040\000D\000e\000s\000i\000g\000n}{section.7}% 24
\BOOKMARK [2][-]{subsection.7.3}{\376\377\000B\000r\000a\000n\000c\000h\000\040\000a\000n\000d\000\040\000B\000o\000u\000n\000d}{section.7}% 25
\BOOKMARK [1][-]{section.8}{\376\377\000F\000u\000t\000u\000r\000e\000\040\000W\000o\000r\000k}{}% 26
\BOOKMARK [2][-]{subsection.8.1}{\376\377\000R\000e\000i\000n\000f\000o\000r\000c\000e\000m\000e\000n\000t\000\040\000L\000e\000a\000r\000n\000i\000n\000g}{section.8}% 27
\BOOKMARK [2][-]{subsection.8.2}{\376\377\000P\000y\000t\000h\000o\000n\000\040\000S\000a\000n\000d\000b\000o\000x}{section.8}% 28
\BOOKMARK [1][-]{section*.1}{\376\377\000R\000e\000f\000e\000r\000e\000n\000c\000e\000s}{}% 29
